Fetched (1 in range 0 to 10): http://www.google.dk
Fetched (2 in range 0 to 10): http://www.ekstrabladet.dk
Fetched (3 in range 0 to 10): http://www.dr.dk
Fetched (4 in range 0 to 10): http://www.bt.dk
Fetched (5 in range 0 to 10): http://www.tv2.dk
Fetched (6 in range 0 to 10): http://www.dba.dk
Fetched (7 in range 0 to 10): http://www.politiken.dk
Fetched (8 in range 0 to 10): http://www.blogspot.dk
Fetched (9 in range 0 to 10): http://www.dmi.dk
Fetched (10 in range 0 to 10): http://www.danskebank.dk
Fetched (1 in range 0 to 10): http://www.google.dk
Fetched (2 in range 0 to 10): http://www.ekstrabladet.dk
Fetched (3 in range 0 to 10): http://www.dr.dk
Fetched (4 in range 0 to 10): http://www.bt.dk
Fetched (5 in range 0 to 10): http://www.tv2.dk
Fetched (6 in range 0 to 10): http://www.dba.dk
Fetched (7 in range 0 to 10): http://www.politiken.dk
Fetched (8 in range 0 to 10): http://www.blogspot.dk
Fetched (9 in range 0 to 10): http://www.dmi.dk
Fetched (10 in range 0 to 10): http://www.danskebank.dk
Fetched (1 in range 0 to 10): http://www.google.dk
Fetched (2 in range 0 to 10): http://www.ekstrabladet.dk
Fetched (3 in range 0 to 10): http://www.dr.dk
Fetched (1 in range 0 to 10): http://www.google.dk
Fetched (2 in range 0 to 10): http://www.ekstrabladet.dk
Fetched (3 in range 0 to 10): http://www.dr.dk
Fetched (4 in range 0 to 10): http://www.bt.dk
Fetched (5 in range 0 to 10): http://www.tv2.dk
Fetched (6 in range 0 to 10): http://www.dba.dk
Fetched (7 in range 0 to 10): http://www.politiken.dk
Fetched (8 in range 0 to 10): http://www.blogspot.dk
Fetched (9 in range 0 to 10): http://www.dmi.dk
Fetched (10 in range 0 to 10): http://www.danskebank.dk
Fetched (1 in range 0 to 10): http://www.google.dk
Fetched (2 in range 0 to 10): http://www.ekstrabladet.dk
Fetched (3 in range 0 to 10): http://www.dr.dk
Fetched (4 in range 0 to 10): http://www.bt.dk
Fetched (5 in range 0 to 10): http://www.tv2.dk
Fetched (6 in range 0 to 10): http://www.dba.dk
Fetched (7 in range 0 to 10): http://www.politiken.dk
Fetched (8 in range 0 to 10): http://www.blogspot.dk
Fetched (9 in range 0 to 10): http://www.dmi.dk
Fetched (10 in range 0 to 10): http://www.danskebank.dk
